This is TeX, Version 3.14159 (Web2C 7.3.1) (format=latex 2002.11.4)  3 MAR 2009 16:27
**psfrag.tex
(psfrag.tex
LaTeX2e <2000/06/01>
Babel <v3.7h> and hyphenation patterns for american, french, german, ngerman, i
talian, nohyphenation, loaded.
(/usr/share/texmf/tex/latex/base/slides.cls
Document Class: slides 1997/08/15 v2.3z Standard LaTeX document class
(/usr/share/texmf/tex/latex/base/slides.def
File: slides.def 1997/08/15 v2.3z SLiTeX definitions
 hacks, slides,
\c@page=\count79
 picture, mods,
\@smashboxa=\box26
\@smashboxb=\box27
\@smashboxc=\box28

output, init) (/usr/share/texmf/tex/latex/base/sfonts.def
File: sfonts.def 1998/06/12 v2.2e Standard LaTeX slide font definitions

(/usr/share/texmf/tex/latex/base/ot1lcmss.fd
File: ot1lcmss.fd 1998/06/12 v2.2e Standard LaTeX slide font definitions
))
\c@minutes=\count80
\c@seconds=\count81
\c@mv@invisible=\count82
LaTeX Font Info:    Overwriting symbol font `operators' in version `normal'
(Font)                  OT1/cmr/m/n --> OT1/lcmss/m/n on input line 364.
LaTeX Font Info:    Overwriting symbol font `letters' in version `normal'
(Font)                  OML/cmm/m/it --> OML/lcmm/m/it on input line 367.
LaTeX Font Info:    Overwriting symbol font `symbols' in version `normal'
(Font)                  OMS/cmsy/m/n --> OMS/lcmsy/m/n on input line 369.
LaTeX Font Info:    Overwriting symbol font `largesymbols' in version `normal'
(Font)                  OMX/cmex/m/n --> OMX/lcmex/m/n on input line 371.
LaTeX Font Info:    Overwriting symbol font `operators' in version `invisible'
(Font)                  OT1/cmr/m/n --> OT1/lcmss/m/In on input line 374.
LaTeX Font Info:    Overwriting symbol font `letters' in version `invisible'
(Font)                  OML/cmm/m/it --> OML/lcmm/m/Iit on input line 376.
LaTeX Font Info:    Overwriting symbol font `symbols' in version `invisible'
(Font)                  OMS/cmsy/m/n --> OMS/lcmsy/m/In on input line 378.
LaTeX Font Info:    Overwriting symbol font `largesymbols' in version `invisibl
e'
(Font)                  OMX/cmex/m/n --> OMX/lcmex/m/In on input line 380.
)
(/usr/share/texmf/tex/latex/graphics/graphicx.sty
Package: graphicx 1999/02/16 v1.0f Enhanced LaTeX Graphics (DPC,SPQR)

(/usr/share/texmf/tex/latex/graphics/keyval.sty
Package: keyval 1999/03/16 v1.13 key=value parser (DPC)
\KV@toks@=\toks14
)
(/usr/share/texmf/tex/latex/graphics/graphics.sty
Package: graphics 1999/02/16 v1.0l Standard LaTeX Graphics (DPC,SPQR)

(/usr/share/texmf/tex/latex/graphics/trig.sty
Package: trig 1999/03/16 v1.09 sin cos tan (DPC)
)
(/usr/share/texmf/tex/latex/config/graphics.cfg)
Package graphics Info: Driver file: dvips.def on input line 80.

(/usr/share/texmf/tex/latex/graphics/dvips.def
File: dvips.def 1999/02/16 v3.0i Driver-dependant file (DPC,SPQR)
))
\Gin@req@height=\dimen102
\Gin@req@width=\dimen103
)
(/usr/share/texmf/tex/latex/misc/psfrag.sty
Package: psfrag 1998/04/11 v3.04 PSfrag (MCG)
\pfg@pcount=\count83
\pfg@scount=\count84
\pfg@temp=\write3
)
(/usr/share/texmf/tex/latex/base/latexsym.sty
Package: latexsym 1998/08/17 v2.2e Standard LaTeX package (lasy symbols)
\symlasy=\mathgroup4
LaTeX Font Info:    Overwriting symbol font `lasy' in version `bold'
(Font)                  U/lasy/m/n --> U/lasy/b/n on input line 42.
)
(/usr/share/texmf/tex/latex/amsmath/amsmath.sty
Package: amsmath 2000/07/18 v2.13 AMS math features
\@mathmargin=\skip41

For additional information on amsmath, use the `?' option.
(/usr/share/texmf/tex/latex/amsmath/amstext.sty
Package: amstext 2000/06/29 v2.01

(/usr/share/texmf/tex/latex/amsmath/amsgen.sty
File: amsgen.sty 1999/11/30 v2.0
\@emptytoks=\toks15
\ex@=\dimen104
))
(/usr/share/texmf/tex/latex/amsmath/amsbsy.sty
Package: amsbsy 1999/11/29 v1.2d
\pmbraise@=\dimen105
)
(/usr/share/texmf/tex/latex/amsmath/amsopn.sty
Package: amsopn 1999/12/14 v2.01 operator names
)
\inf@bad=\count85
LaTeX Info: Redefining \frac on input line 211.
\uproot@=\count86
\leftroot@=\count87
LaTeX Info: Redefining \overline on input line 307.
\classnum@=\count88
\DOTSCASE@=\count89
LaTeX Info: Redefining \ldots on input line 379.
LaTeX Info: Redefining \dots on input line 382.
LaTeX Info: Redefining \cdots on input line 467.
\Mathstrutbox@=\box29
\strutbox@=\box30
\big@size=\dimen106
LaTeX Font Info:    Redeclaring font encoding OML on input line 567.
LaTeX Font Info:    Redeclaring font encoding OMS on input line 568.
\macc@depth=\count90
\c@MaxMatrixCols=\count91
\dotsspace@=\muskip10
\c@parentequation=\count92
\dspbrk@lvl=\count93
\tag@help=\toks16
\row@=\count94
\column@=\count95
\maxfields@=\count96
\andhelp@=\toks17
\eqnshift@=\dimen107
\alignsep@=\dimen108
\tagshift@=\dimen109
\tagwidth@=\dimen110
\totwidth@=\dimen111
\lineht@=\dimen112
\@envbody=\toks18
\multlinegap=\skip42
\multlinetaggap=\skip43
\mathdisplay@stack=\toks19
LaTeX Info: Redefining \[ on input line 2666.
LaTeX Info: Redefining \] on input line 2667.
)
No file psfrag.aux.
\openout1 = `psfrag.aux'.

LaTeX Font Info:    Checking defaults for OML/cmm/m/it on input line 7.
LaTeX Font Info:    ... okay on input line 7.
LaTeX Font Info:    Checking defaults for T1/cmr/m/n on input line 7.
LaTeX Font Info:    ... okay on input line 7.
LaTeX Font Info:    Checking defaults for OT1/lcmss/m/n on input line 7.
LaTeX Font Info:    ... okay on input line 7.
LaTeX Font Info:    Checking defaults for OMS/cmsy/m/n on input line 7.
LaTeX Font Info:    ... okay on input line 7.
LaTeX Font Info:    Checking defaults for OMX/cmex/m/n on input line 7.
LaTeX Font Info:    ... okay on input line 7.
LaTeX Font Info:    Checking defaults for U/cmr/m/n on input line 7.
LaTeX Font Info:    ... okay on input line 7.
LaTeX Font Info:    Try loading font information for OT1+ptm on input line 9.
(/usr/share/texmf/tex/latex/psnfss/ot1ptm.fd
File: ot1ptm.fd 2000/01/12 PSNFSS-v8.1 font definitions for OT1/ptm.
)
File: ps.ps Graphic file (type eps)
 <ps.ps>
LaTeX Font Info:    Try loading font information for OML+lcmm on input line 35.


(/usr/share/texmf/tex/latex/base/omllcmm.fd
File: omllcmm.fd 1998/06/12 v2.2e Standard LaTeX slide font definitions
)
LaTeX Font Info:    Try loading font information for OMS+lcmsy on input line 35
.

(/usr/share/texmf/tex/latex/base/omslcmsy.fd
File: omslcmsy.fd 1998/06/12 v2.2e Standard LaTeX slide font definitions
)
LaTeX Font Info:    Try loading font information for OMX+lcmex on input line 35
.

(/usr/share/texmf/tex/latex/base/omxlcmex.fd
File: omxlcmex.fd 1998/06/12 v2.2e Standard LaTeX slide font definitions
)
LaTeX Font Info:    External font `cmex10 at17.28pt' loaded for size
(Font)              <34.4> on input line 35.
LaTeX Font Info:    External font `cmex10 at17.28pt' loaded for size
(Font)              <28.66> on input line 35.
LaTeX Font Info:    External font `cmex10 at17.28pt' loaded for size
(Font)              <23.89> on input line 35.
 [0

] (psfrag.aux) ) 
Here is how much of TeX's memory you used:
 1279 strings out of 20887
 14871 string characters out of 196736
 62916 words of memory out of 350001
 4246 multiletter control sequences out of 10000+15000
 9629 words of font info for 33 fonts, out of 400000 for 1000
 14 hyphenation exceptions out of 10000
 27i,11n,24p,219b,222s stack positions out of 3000i,100n,1500p,50000b,4000s

Output written on psfrag.dvi (1 page, 776 bytes).
